<?xml version="1.0" encoding="UTF-8"?>
<testng-results ignored="0" total="4" passed="3" failed="1" skipped="0">
  <reporter-output>
  </reporter-output>
  <suite started-at="2022-08-15T12:00:54 IST" name="Suite" finished-at="2022-08-15T12:01:25 IST" duration-ms="31550">
    <groups>
    </groups>
    <test started-at="2022-08-15T12:00:54 IST" name="Valiadte navigation bar" finished-at="2022-08-15T12:01:02 IST" duration-ms="7772">
      <class name="Academy.validateNavBar">
        <test-method is-config="true" signature="initialise()[pri:0, instance:Academy.validateNavBar@6f7923a5]" started-at="2022-08-15T12:00:54 IST" name="initialise" finished-at="2022-08-15T12:01:01 IST" duration-ms="7279" status="PASS">
          <reporter-output>
          </reporter-output>
        </test-method> <!-- initialise -->
        <test-method signature="basePageNavigation()[pri:0, instance:Academy.validateNavBar@6f7923a5]" started-at="2022-08-15T12:01:01 IST" name="basePageNavigation" finished-at="2022-08-15T12:01:01 IST" duration-ms="97" status="PASS">
          <reporter-output>
          </reporter-output>
        </test-method> <!-- basePageNavigation -->
        <test-method is-config="true" signature="teardown()[pri:0, instance:Academy.validateNavBar@6f7923a5]" started-at="2022-08-15T12:01:01 IST" name="teardown" finished-at="2022-08-15T12:01:02 IST" duration-ms="327" status="PASS">
          <reporter-output>
          </reporter-output>
        </test-method> <!-- teardown -->
      </class> <!-- Academy.validateNavBar -->
    </test> <!-- Valiadte navigation bar -->
    <test started-at="2022-08-15T12:01:02 IST" name="Validate Home" finished-at="2022-08-15T12:01:18 IST" duration-ms="15697">
      <class name="Academy.HomePage">
        <test-method is-config="true" signature="initialise()[pri:0, instance:Academy.HomePage@2421cc4]" started-at="2022-08-15T12:01:02 IST" name="initialise" finished-at="2022-08-15T12:01:04 IST" duration-ms="1599" status="PASS">
          <reporter-output>
          </reporter-output>
        </test-method> <!-- initialise -->
        <test-method signature="basePageNavigation(java.lang.String,java.lang.String,java.lang.String)[pri:0, instance:Academy.HomePage@2421cc4]" started-at="2022-08-15T12:01:04 IST" name="basePageNavigation" data-provider="getData" finished-at="2022-08-15T12:01:13 IST" duration-ms="9231" status="PASS">
          <params>
            <param index="0">
              <value>
                <![CDATA[abc@gmail.com]]>
              </value>
            </param>
            <param index="1">
              <value>
                <![CDATA[123456]]>
              </value>
            </param>
            <param index="2">
              <value>
                <![CDATA[restricted]]>
              </value>
            </param>
          </params>
          <reporter-output>
          </reporter-output>
        </test-method> <!-- basePageNavigation -->
        <test-method signature="basePageNavigation(java.lang.String,java.lang.String,java.lang.String)[pri:0, instance:Academy.HomePage@2421cc4]" started-at="2022-08-15T12:01:13 IST" name="basePageNavigation" data-provider="getData" finished-at="2022-08-15T12:01:18 IST" duration-ms="4625" status="PASS">
          <params>
            <param index="0">
              <value>
                <![CDATA[abc1@gmail.com]]>
              </value>
            </param>
            <param index="1">
              <value>
                <![CDATA[1234567]]>
              </value>
            </param>
            <param index="2">
              <value>
                <![CDATA[nonrestricted]]>
              </value>
            </param>
          </params>
          <reporter-output>
          </reporter-output>
        </test-method> <!-- basePageNavigation -->
        <test-method is-config="true" signature="teardown()[pri:0, instance:Academy.HomePage@2421cc4]" started-at="2022-08-15T12:01:18 IST" name="teardown" finished-at="2022-08-15T12:01:18 IST" duration-ms="223" status="PASS">
          <reporter-output>
          </reporter-output>
        </test-method> <!-- teardown -->
      </class> <!-- Academy.HomePage -->
    </test> <!-- Validate Home -->
    <test started-at="2022-08-15T12:01:18 IST" name="Validate Title" finished-at="2022-08-15T12:01:25 IST" duration-ms="7302">
      <class name="Academy.validateTitle">
        <test-method is-config="true" signature="initialise()[pri:0, instance:Academy.validateTitle@172b013]" started-at="2022-08-15T12:01:18 IST" name="initialise" finished-at="2022-08-15T12:01:24 IST" duration-ms="5531" status="PASS">
          <reporter-output>
          </reporter-output>
        </test-method> <!-- initialise -->
        <test-method signature="basePageNavigation()[pri:0, instance:Academy.validateTitle@172b013]" started-at="2022-08-15T12:01:24 IST" name="basePageNavigation" finished-at="2022-08-15T12:01:24 IST" duration-ms="95" status="FAIL">
          <exception class="java.lang.AssertionError">
            <message>
              <![CDATA[expected [FEATURED COURSES123] but found [FEATURED COURSES]]]>
            </message>
            <full-stacktrace>
              <![CDATA[java.lang.AssertionError: expected [FEATURED COURSES123] but found [FEATURED COURSES]
at org.testng.Assert.fail(Assert.java:99)
at org.testng.Assert.failNotEquals(Assert.java:1037)
at org.testng.Assert.assertEqualsImpl(Assert.java:140)
at org.testng.Assert.assertEquals(Assert.java:122)
at org.testng.Assert.assertEquals(Assert.java:629)
at org.testng.Assert.assertEquals(Assert.java:639)
at Academy.validateTitle.basePageNavigation(validateTitle.java:28)
at java.base/jdk.internal.reflect.DirectMethodHandleAccessor.invoke(DirectMethodHandleAccessor.java:104)
at java.base/java.lang.reflect.Method.invoke(Method.java:577)
at org.testng.internal.MethodInvocationHelper.invokeMethod(MethodInvocationHelper.java:133)
at org.testng.internal.TestInvoker.invokeMethod(TestInvoker.java:598)
at org.testng.internal.TestInvoker.invokeTestMethod(TestInvoker.java:173)
at org.testng.internal.MethodRunner.runInSequence(MethodRunner.java:46)
at org.testng.internal.TestInvoker$MethodInvocationAgent.invoke(TestInvoker.java:824)
at org.testng.internal.TestInvoker.invokeTestMethods(TestInvoker.java:146)
at org.testng.internal.TestMethodWorker.invokeTestMethods(TestMethodWorker.java:146)
at org.testng.internal.TestMethodWorker.run(TestMethodWorker.java:128)
at java.base/java.util.concurrent.ThreadPoolExecutor.runWorker(ThreadPoolExecutor.java:1136)
at java.base/java.util.concurrent.ThreadPoolExecutor$Worker.run(ThreadPoolExecutor.java:635)
at java.base/java.lang.Thread.run(Thread.java:833)
]]>
            </full-stacktrace>
          </exception> <!-- java.lang.AssertionError -->
          <reporter-output>
          </reporter-output>
        </test-method> <!-- basePageNavigation -->
        <test-method is-config="true" signature="teardown()[pri:0, instance:Academy.validateTitle@172b013]" started-at="2022-08-15T12:01:25 IST" name="teardown" finished-at="2022-08-15T12:01:25 IST" duration-ms="273" status="PASS">
          <reporter-output>
          </reporter-output>
        </test-method> <!-- teardown -->
      </class> <!-- Academy.validateTitle -->
    </test> <!-- Validate Title -->
  </suite> <!-- Suite -->
</testng-results>
